<?xml version="1.0" encoding="UTF-8"?>
<testsuite xmlns:xsi="http://www.w3.org/2001/XMLSchema-instance" xsi:noNamespaceSchemaLocation="https://maven.apache.org/surefire/maven-surefire-plugin/xsd/surefire-test-report-3.0.xsd" version="3.0" name="test.UserTest" time="12.038" tests="1" errors="0" skipped="0" failures="0">
  <properties>
[...]
</properties>
  <testcase name="userFlow" classname="test.UserTest" time="6.59">
    <system-out><![CDATA[Request method:	POST
Request URI:	https://vmos2.vmos-demo.com/user/v1/user
Proxy:			<none>
Request params:	<none>
Query params:	<none>
Form params:	<none>
Path params:	<none>
Headers:		Tenant=695a1486-80e7-4ee6-bc55-f4911944ef2a
				Accept=*/*
				Content-Type=application/json
Cookies:		<none>
Multiparts:		<none>
Body:
{
    "profile": {
        "firstName": "Alvin Mueller"
    },
    "email": "herbert.gottlieb@gmail.com",
    "password": "Test@123",
    "storeUUID": "",
    "locale": "en-GB"
}
Request method:	POST
Request URI:	https://vmos2.vmos-demo.com/user/v1/auth
Proxy:			<none>
Request params:	<none>
Query params:	<none>
Form params:	<none>
Path params:	<none>
Headers:		Accept=*/*
				Content-Type=application/json
Cookies:		<none>
Multiparts:		<none>
Body:
{
    "email": "herbert.gottlieb@gmail.com",
    "password": "Test@123"
}
]]></system-out>
    <system-err><![CDATA[SLF4J: Failed to load class "org.slf4j.impl.StaticLoggerBinder".
SLF4J: Defaulting to no-operation (NOP) logger implementation
SLF4J: See http://www.slf4j.org/codes.html#StaticLoggerBinder for further details.
]]></system-err>
  </testcase>
</testsuite>