<?xml version="1.0" encoding="UTF-8"?>
<testng-results ignored="0" total="1" passed="1" failed="0" skipped="0">
  <reporter-output>
  </reporter-output>
  <suite started-at="2023-07-15T03:33:45 IST" name="Surefire suite" finished-at="2023-07-15T03:33:52 IST" duration-ms="6622">
    <groups>
    </groups>
    <test started-at="2023-07-15T03:33:45 IST" name="Surefire test" finished-at="2023-07-15T03:33:52 IST" duration-ms="6622">
      <class name="test.UserTest">
        <test-method signature="userFlow()[pri:0, instance:test.UserTest@d83da2e]" started-at="2023-07-15T03:33:45 IST" name="userFlow" finished-at="2023-07-15T03:33:52 IST" duration-ms="6589" status="PASS">
          <reporter-output>
          </reporter-output>
        </test-method> <!-- userFlow -->
      </class> <!-- test.UserTest -->
    </test> <!-- Surefire test -->
  </suite> <!-- Surefire suite -->
</testng-results>
